Build started 28.1.19 09:53:17.
     1>Project "C:\Mark\Software_development\C_projects\VS_2013_Projects\Alltoall3d_repo\alltoall3d\MATLAB\auxiliary\3D_SMLM_visualization\FGT\figtree\vs10\mexFigtreeChooseEvaluationMethod.vcxproj" on node 2 (Build target(s)).
     1>ClCompile:
         C:\Program Files (x86)\Microsoft Visual Studio 12.0\VC\bin\CL.exe /c /I../include /I../src/ /I../external/ann_1.1.1/include /Zi /nologo /W3 /WX- /O2 /Oy- /GL /D WIN32 /D NDEBUG /D _WINDOWS /D _USRDLL /D MEXFIGTREE_EXPORTS /D FIGTREE_USE_MATLAB_MEX /D FIGTREE_STATIC /D DLL_EXPORTS /D ANN_NO_RANDOM /D _WINDLL /D _UNICODE /D UNICODE /Gm- /EHsc /MT /GS /fp:precise /Zc:wchar_t /Zc:forScope /Fo"C:\Mark\Software_development\C_projects\VS_2013_Projects\Alltoall3d_repo\alltoall3d\MATLAB\auxiliary\3D_SMLM_visualization\FGT\figtree\vs10\mexFigtreeChooseEvaluationMethod_Release\\" /Fd"C:\Mark\Software_development\C_projects\VS_2013_Projects\Alltoall3d_repo\alltoall3d\MATLAB\auxiliary\3D_SMLM_visualization\FGT\figtree\vs10\mexFigtreeChooseEvaluationMethod_Release\vc120.pdb" /Gd /TP /analyze- /errorReport:prompt ..\src\figtree.cpp ..\src\KCenterClustering.cpp ..\src\mex\mexFigtreeChooseEvaluationMethod.cpp ..\external\ann_1.1.1\src\ANN.cpp ..\external\ann_1.1.1\src\bd_fix_rad_search.cpp ..\external\ann_1.1.1\src\bd_pr_search.cpp ..\external\ann_1.1.1\src\bd_search.cpp ..\external\ann_1.1.1\src\bd_tree.cpp ..\external\ann_1.1.1\src\brute.cpp ..\external\ann_1.1.1\src\kd_dump.cpp ..\external\ann_1.1.1\src\kd_fix_rad_search.cpp ..\external\ann_1.1.1\src\kd_pr_search.cpp ..\external\ann_1.1.1\src\kd_search.cpp ..\external\ann_1.1.1\src\kd_split.cpp ..\external\ann_1.1.1\src\kd_tree.cpp ..\external\ann_1.1.1\src\kd_util.cpp ..\external\ann_1.1.1\src\perf.cpp
         figtree.cpp
     1>..\src\figtree.cpp(208): fatal error C1083: Cannot open include file: 'mex.h': No such file or directory
         KCenterClustering.cpp
         mexFigtreeChooseEvaluationMethod.cpp
     1>..\src\mex\mexFigtreeChooseEvaluationMethod.cpp(40): fatal error C1083: Cannot open include file: 'mex.h': No such file or directory
         ANN.cpp
         bd_fix_rad_search.cpp
         bd_pr_search.cpp
         bd_search.cpp
         bd_tree.cpp
         brute.cpp
         kd_dump.cpp
         kd_fix_rad_search.cpp
         kd_pr_search.cpp
         kd_search.cpp
         kd_split.cpp
         kd_tree.cpp
         kd_util.cpp
         perf.cpp
     1>Done Building Project "C:\Mark\Software_development\C_projects\VS_2013_Projects\Alltoall3d_repo\alltoall3d\MATLAB\auxiliary\3D_SMLM_visualization\FGT\figtree\vs10\mexFigtreeChooseEvaluationMethod.vcxproj" (Build target(s)) -- FAILED.

Build FAILED.

Time Elapsed 00:00:04.13
